TN:
SF:script/DeployDsc.s.sol
DA:13,11
FN:13,DeployDsc.run
FNDA:11,DeployDsc.run
DA:14,11
DA:15,11
DA:16,11
DA:17,11
DA:18,11
DA:19,11
DA:20,11
DA:21,11
DA:22,11
DA:23,11
DA:24,11
DA:25,11
FNF:1
FNH:1
LF:13
LH:13
BRF:0
BRH:0
end_of_record
TN:
SF:script/HelperConfig.s.sol
DA:24,11
FN:24,HelperConfig.constructor
FNDA:11,HelperConfig.constructor
DA:25,11
BRDA:25,0,0,-
BRDA:25,0,1,11
DA:26,0
DA:28,11
DA:32,0
FN:32,HelperConfig.getSepoliaEthConfig
FNDA:0,HelperConfig.getSepoliaEthConfig
DA:33,0
DA:42,11
FN:42,HelperConfig.getOrCreateAnvilEthConfig
FNDA:11,HelperConfig.getOrCreateAnvilEthConfig
DA:43,11
BRDA:43,1,0,-
DA:44,0
DA:46,11
DA:47,11
DA:48,11
DA:49,11
DA:50,11
DA:51,11
DA:52,11
FNF:3
FNH:2
LF:16
LH:12
BRF:3
BRH:1
end_of_record
TN:
SF:src/DSCEngine.sol
DA:24,0
FN:24,DSCEngine.validAmount
FNDA:0,DSCEngine.validAmount
DA:25,0
BRDA:25,0,0,-
DA:26,0
DA:31,0
FN:31,DSCEngine.validAddress
FNDA:0,DSCEngine.validAddress
DA:32,0
BRDA:32,1,0,-
DA:33,0
DA:38,6
FN:38,DSCEngine.isAllowedToken
FNDA:6,DSCEngine.isAllowedToken
DA:39,6
BRDA:39,2,0,1
DA:40,1
DA:45,13
FN:45,DSCEngine.constructor
FNDA:13,DSCEngine.constructor
DA:46,13
BRDA:46,3,0,1
DA:47,1
DA:49,12
DA:50,24
DA:51,24
DA:53,12
DA:56,0
FN:56,DSCEngine._redeemCollateral
FNDA:0,DSCEngine._redeemCollateral
DA:59,0
DA:60,0
DA:61,0
DA:62,0
BRDA:62,4,0,-
DA:63,0
DA:67,3
FN:67,DSCEngine._getAccountInformation
FNDA:3,DSCEngine._getAccountInformation
DA:72,3
DA:73,3
DA:86,1
FN:86,DSCEngine._getHealthFactor
FNDA:1,DSCEngine._getHealthFactor
DA:88,1
DA:95,1
DA:101,1
DA:109,1
FN:109,DSCEngine._revertIfHealthFactorIsBroken
FNDA:1,DSCEngine._revertIfHealthFactorIsBroken
DA:110,1
DA:111,1
BRDA:111,5,0,1
DA:112,1
DA:121,8
FN:121,DSCEngine.depositCollateral
FNDA:8,DSCEngine.depositCollateral
DA:129,5
DA:130,5
DA:132,5
DA:133,5
BRDA:133,6,0,-
DA:134,0
DA:138,1
FN:138,DSCEngine.mintDsc
FNDA:1,DSCEngine.mintDsc
DA:139,1
DA:141,1
DA:142,0
DA:143,0
BRDA:143,7,0,-
DA:144,0
DA:148,0
FN:148,DSCEngine.getAccountCollateralValue
FNDA:0,DSCEngine.getAccountCollateralValue
DA:149,3
DA:150,6
DA:151,6
DA:152,6
DA:156,2
FN:156,DSCEngine.getUsdValue
FNDA:2,DSCEngine.getUsdValue
DA:157,8
DA:162,8
DA:182,8
DA:185,0
FN:185,DSCEngine.depositCollateralAndMintDsc
FNDA:0,DSCEngine.depositCollateralAndMintDsc
DA:190,0
DA:191,0
DA:194,0
FN:194,DSCEngine.redeemCollateral
FNDA:0,DSCEngine.redeemCollateral
DA:199,0
DA:200,0
DA:203,0
FN:203,DSCEngine._burnDsc
FNDA:0,DSCEngine._burnDsc
DA:204,0
DA:205,0
DA:210,0
BRDA:210,8,0,-
DA:211,0
DA:213,0
DA:229,0
FN:229,DSCEngine.burnDsc
FNDA:0,DSCEngine.burnDsc
DA:230,0
DA:233,0
FN:233,DSCEngine.redeemCollateralForDsc
FNDA:0,DSCEngine.redeemCollateralForDsc
DA:236,0
DA:237,0
DA:240,1
FN:240,DSCEngine.getTokenAmountFromUsd
FNDA:1,DSCEngine.getTokenAmountFromUsd
DA:244,1
DA:245,1
DA:246,1
DA:249,0
FN:249,DSCEngine.liquidate
FNDA:0,DSCEngine.liquidate
DA:256,0
DA:257,0
BRDA:257,9,0,-
DA:258,0
DA:260,0
DA:261,0
DA:262,0
DA:263,0
DA:264,0
DA:265,0
DA:266,0
BRDA:266,10,0,-
DA:267,0
DA:269,0
DA:273,2
FN:273,DSCEngine.getAccountInformation
FNDA:2,DSCEngine.getAccountInformation
DA:278,2
DA:281,2
FN:281,DSCEngine.getPriceFeedAddress
FNDA:2,DSCEngine.getPriceFeedAddress
DA:282,2
DA:285,2
FN:285,DSCEngine.getUserDepositedAmount
FNDA:2,DSCEngine.getUserDepositedAmount
DA:286,2
FNF:22
FNH:12
LF:94
LH:47
BRF:11
BRH:3
end_of_record
TN:
SF:src/DecentralizedStableCoin.sol
DA:14,0
FN:14,DecentralizedStableCoin.burn
FNDA:0,DecentralizedStableCoin.burn
DA:15,0
DA:16,0
BRDA:16,0,0,-
DA:17,0
DA:19,0
BRDA:19,1,0,-
DA:20,0
DA:22,0
DA:25,0
FN:25,DecentralizedStableCoin.mint
FNDA:0,DecentralizedStableCoin.mint
DA:26,0
BRDA:26,2,0,-
DA:27,0
DA:29,0
BRDA:29,3,0,-
DA:30,0
DA:32,0
DA:33,0
FNF:2
FNH:0
LF:14
LH:0
BRF:4
BRH:0
end_of_record
